This is e-TeX, Version 3.141592-2.1 (MiKTeX 2.4) (preloaded format=latex 2004.6.11)  27 JAN 2005 13:04
entering extended mode
**solver*user*manual.tex
(solver user manual.tex
LaTeX2e <2003/12/01>
Babel <v3.8a> and hyphenation patterns for english, french, german, ngerman, du
mylang, nohyphenation, loaded.
(C:\texmf\tex\latex\base\article.cls
Document Class: article 2004/02/16 v1.4f Standard LaTeX document class
(C:\texmf\tex\latex\base\size10.clo
File: size10.clo 2004/02/16 v1.4f Standard LaTeX file (size option)
)
\c@part=\count79
\c@section=\count80
\c@subsection=\count81
\c@subsubsection=\count82
\c@paragraph=\count83
\c@subparagraph=\count84
\c@figure=\count85
\c@table=\count86
\abovecaptionskip=\skip41
\belowcaptionskip=\skip42
\bibindent=\dimen102
) (C:\texmf\tex\latex\graphics\graphics.sty
Package: graphics 2001/07/07 v1.0n Standard LaTeX Graphics (DPC,SPQR)
(C:\texmf\tex\latex\graphics\trig.sty
Package: trig 1999/03/16 v1.09 sin cos tan (DPC)
)
(C:\texmf\tex\latex\00miktex\graphics.cfg
File: graphics.cfg 2003/03/12 v1.1 MiKTeX 'graphics' configuration
)
Package graphics Info: Driver file: dvips.def on input line 80.

(C:\texmf\tex\latex\graphics\dvips.def
File: dvips.def 1999/02/16 v3.0i Driver-dependant file (DPC,SPQR)
)) (latex-hack.tex
\symAMSa=\mathgroup4
\symAMSb=\mathgroup5
)
(solver user manual.aux)
LaTeX Font Info:    Checking defaults for OML/cmm/m/it on input line 13.
LaTeX Font Info:    ... okay on input line 13.
LaTeX Font Info:    Checking defaults for T1/cmr/m/n on input line 13.
LaTeX Font Info:    ... okay on input line 13.
LaTeX Font Info:    Checking defaults for OT1/cmr/m/n on input line 13.
LaTeX Font Info:    ... okay on input line 13.
LaTeX Font Info:    Checking defaults for OMS/cmsy/m/n on input line 13.
LaTeX Font Info:    ... okay on input line 13.
LaTeX Font Info:    Checking defaults for OMX/cmex/m/n on input line 13.
LaTeX Font Info:    ... okay on input line 13.
LaTeX Font Info:    Checking defaults for U/cmr/m/n on input line 13.
LaTeX Font Info:    ... okay on input line 13.
LaTeX Font Info:    External font `cmex10' loaded for size
(Font)              <12> on input line 20.
LaTeX Font Info:    External font `cmex10' loaded for size
(Font)              <8> on input line 20.
LaTeX Font Info:    External font `cmex10' loaded for size
(Font)              <6> on input line 20.
 [1

]
LaTeX Font Info:    Try loading font information for OMS+cmr on input line 94.
 (C:\texmf\tex\latex\base\omscmr.fd
File: omscmr.fd 1999/05/25 v2.5h Standard LaTeX font definitions
)
LaTeX Font Info:    Font shape `OMS/cmr/m/n' in size <10> not available
(Font)              Font shape `OMS/cmsy/m/n' tried instead on input line 94.

Underfull \hbox (badness 1622) in paragraph at lines 154--158
[]\OT1/cmr/m/n/10 The 'or' con-straint has two modes of be-haviour, which can b
e set dur-ing ini-tial-i-sa-tion us-ing the
 []

[2] [3] [4] [5] [6]
LaTeX Font Info:    External font `cmex10' loaded for size
(Font)              <7> on input line 508.
LaTeX Font Info:    External font `cmex10' loaded for size
(Font)              <5> on input line 508.
 [7]
Underfull \hbox (badness 1354) in paragraph at lines 612--612
[]\OT1/cmr/m/n/10 e.g. \OT1/cmtt/m/n/10 ptc[]solver[][]type(date[]t, record, [(
[name], name[]t), ([day], day[]t), ([month],
 []

[8] [9]
LaTeX Font Info:    Font shape `OT1/cmtt/bx/n' in size <10> not available
(Font)              Font shape `OT1/cmtt/m/n' tried instead on input line 801.
 [10] [11]
Underfull \hbox (badness 10000) in paragraph at lines 998--998
[]\OT1/cmr/m/n/10 Retrieves the ac-tual vari-able of a vari-able sub-mit-ted in
 a string us-ing
 []

[12] [13]
No file "solver user manual".bbl.
[14] (solver user manual.aux) ) 
Here is how much of TeX's memory you used:
 566 strings out of 95898
 5885 string characters out of 1195288
 56533 words of memory out of 1054166
 3616 multiletter control sequences out of 35000
 11505 words of font info for 44 fonts, out of 500000 for 1000
 14 hyphenation exceptions out of 607
 23i,6n,19p,194b,241s stack positions out of 1500i,500n,5000p,200000b,32768s

Output written on "solver user manual.dvi" (14 pages, 65140 bytes).
